{"C:\\Users\\amirulasyraaf\\personal\\my-mcr\\be\\src\\services\\api.ts": {"path":"C:\\Users\\amirulasyraaf\\personal\\my-mcr\\be\\src\\services\\api.ts","statementMap":{"0":{"start":{"line":1,"column":0},"end":{"line":1,"column":26}},"1":{"start":{"line":4,"column":16},"end":{"line":4,"column":39}},"2":{"start":{"line":7,"column":12},"end":{"line":12,"column":2}},"3":{"start":{"line":15,"column":24},"end":{"line":18,"column":1}},"4":{"start":{"line":16,"column":19},"end":{"line":16,"column":42}},"5":{"start":{"line":17,"column":2},"end":{"line":17,"column":23}},"6":{"start":{"line":15,"column":13},"end":{"line":15,"column":24}},"7":{"start":{"line":21,"column":26},"end":{"line":24,"column":1}},"8":{"start":{"line":22,"column":19},"end":{"line":22,"column":49}},"9":{"start":{"line":23,"column":2},"end":{"line":23,"column":23}},"10":{"start":{"line":21,"column":13},"end":{"line":21,"column":26}}},"fnMap":{"0":{"name":"(anonymous_1)","decl":{"start":{"line":15,"column":24},"end":{"line":15,"column":29}},"loc":{"start":{"line":15,"column":35},"end":{"line":18,"column":1}}},"1":{"name":"(anonymous_2)","decl":{"start":{"line":21,"column":26},"end":{"line":21,"column":31}},"loc":{"start":{"line":21,"column":74},"end":{"line":24,"column":1}}}},"branchMap":{},"s":{"0":1,"1":1,"2":1,"3":1,"4":1,"5":0,"6":1,"7":1,"8":1,"9":0,"10":1},"f":{"0":1,"1":1},"b":{}}
}
